Clock: clk
Sources: wb_clk_i 
Generated: no
Virtual: yes
Propagated: no
Period: 50.000000

===========================================================================
report_clock_properties
============================================================================
Clock                   Period          Waveform
----------------------------------------------------
clk                  50.000000    0.000000 25.000000

===========================================================================
report_clock_latency
============================================================================
Clock clk
rise -> rise
    min     max
4.650000 5.570000 source latency
5.644946         network latency _09691_/CLK
        6.862505 network latency mprj.synapse_matrix_inst.X1_inst/wb_clk_i
---------------
10.294946 12.432506 latency
        2.137559 skew

fall -> fall
    min     max
4.650000 5.570000 source latency
5.796555         network latency _09691_/CLK
        6.981307 network latency mprj.synapse_matrix_inst.X1_inst/wb_clk_i
---------------
10.446554 12.551306 latency
        2.104752 skew



===========================================================================
report_clock_min_period
============================================================================
clk period_min = 8.42 fmax = 118.70
