Clock: clk
Sources: wb_clk_i 
Generated: no
Virtual: yes
Propagated: no
Period: 50.000000

===========================================================================
report_clock_properties
============================================================================
Clock                   Period          Waveform
----------------------------------------------------
clk                  50.000000    0.000000 25.000000

===========================================================================
report_clock_latency
============================================================================
Clock clk
rise -> rise
    min     max
4.650000 5.570000 source latency
5.803704         network latency _09691_/CLK
        7.160144 network latency mprj.synapse_matrix_inst.X1_inst/wb_clk_i
---------------
10.453704 12.730145 latency
        2.276440 skew

fall -> fall
    min     max
4.650000 5.570000 source latency
5.977636         network latency _09691_/CLK
        7.301435 network latency mprj.synapse_matrix_inst.X1_inst/wb_clk_i
---------------
10.627636 12.871434 latency
        2.243798 skew



===========================================================================
report_clock_min_period
============================================================================
clk period_min = 9.10 fmax = 109.87
