Clock: clk
Sources: wb_clk_i 
Generated: no
Virtual: yes
Propagated: no
Period: 50.000000

===========================================================================
report_clock_properties
============================================================================
Clock                   Period          Waveform
----------------------------------------------------
clk                  50.000000    0.000000 25.000000

===========================================================================
report_clock_latency
============================================================================
Clock clk
rise -> rise
    min     max
4.650000 5.570000 source latency
7.085577         network latency _09691_/CLK
        8.602933 network latency _09270_/CLK
---------------
11.735579 14.172934 latency
        2.437355 skew

fall -> fall
    min     max
4.650000 5.570000 source latency
7.024557         network latency _09691_/CLK
        8.442840 network latency _09473_/CLK
---------------
11.674557 14.012839 latency
        2.338283 skew



===========================================================================
report_clock_min_period
============================================================================
clk period_min = 24.64 fmax = 40.58
