Clock: clk
Sources: wb_clk_i 
Generated: no
Virtual: yes
Propagated: no
Period: 50.000000

===========================================================================
report_clock_properties
============================================================================
Clock                   Period          Waveform
----------------------------------------------------
clk                  50.000000    0.000000 25.000000

===========================================================================
report_clock_latency
============================================================================
Clock clk
rise -> rise
    min     max
4.650000 5.570000 source latency
7.380575         network latency _09691_/CLK
        8.968966 network latency _09473_/CLK
---------------
12.030575 14.538966 latency
        2.508391 skew

fall -> fall
    min     max
4.650000 5.570000 source latency
7.293231         network latency _09691_/CLK
        8.774801 network latency _09473_/CLK
---------------
11.943231 14.344801 latency
        2.401571 skew



===========================================================================
report_clock_min_period
============================================================================
clk period_min = 26.68 fmax = 37.49
