Clock: clk
Sources: wb_clk_i 
Generated: no
Virtual: yes
Propagated: no
Period: 50.000000

===========================================================================
report_clock_properties
============================================================================
Clock                   Period          Waveform
----------------------------------------------------
clk                  50.000000    0.000000 25.000000

===========================================================================
report_clock_latency
============================================================================
Clock clk
rise -> rise
    min     max
4.650000 5.570000 source latency
6.312665         network latency _09691_/CLK
        7.684175 network latency mprj.synapse_matrix_inst.X1_inst/wb_clk_i
---------------
10.962666 13.254175 latency
        2.291509 skew

fall -> fall
    min     max
4.650000 5.570000 source latency
6.382592         network latency _09691_/CLK
        7.715546 network latency mprj.synapse_matrix_inst.X1_inst/wb_clk_i
---------------
11.032592 13.285545 latency
        2.252954 skew



===========================================================================
report_clock_min_period
============================================================================
clk period_min = 13.79 fmax = 72.50
