Clock: clk
Sources: wb_clk_i 
Generated: no
Virtual: yes
Propagated: no
Period: 50.000000

===========================================================================
report_clock_properties
============================================================================
Clock                   Period          Waveform
----------------------------------------------------
clk                  50.000000    0.000000 25.000000

===========================================================================
report_clock_latency
============================================================================
Clock clk
rise -> rise
    min     max
4.650000 5.570000 source latency
6.108036         network latency _09691_/CLK
        7.367534 network latency _09473_/CLK
---------------
10.758036 12.937534 latency
        2.179498 skew

fall -> fall
    min     max
4.650000 5.570000 source latency
6.177157         network latency _09691_/CLK
        7.388589 network latency _09473_/CLK
---------------
10.827156 12.958590 latency
        2.131433 skew



===========================================================================
report_clock_min_period
============================================================================
clk period_min = 12.70 fmax = 78.75
