Clock: clk
Sources: wb_clk_i 
Generated: no
Virtual: yes
Propagated: no
Period: 50.000000

===========================================================================
report_clock_properties
============================================================================
Clock                   Period          Waveform
----------------------------------------------------
clk                  50.000000    0.000000 25.000000

===========================================================================
report_clock_latency
============================================================================
Clock clk
rise -> rise
    min     max
4.650000 5.570000 source latency
5.728868         network latency _09691_/CLK
        7.017259 network latency mprj.synapse_matrix_inst.X1_inst/wb_clk_i
---------------
10.378868 12.587259 latency
        2.208392 skew

fall -> fall
    min     max
4.650000 5.570000 source latency
5.889259         network latency _09691_/CLK
        7.145520 network latency mprj.synapse_matrix_inst.X1_inst/wb_clk_i
---------------
10.539259 12.715520 latency
        2.176261 skew



===========================================================================
report_clock_min_period
============================================================================
clk period_min = 8.76 fmax = 114.14
